<?xml version="1.0" encoding="UTF-8"?>
<!-- Generated by org.testng.reporters.JUnitReportReporter -->
<testsuite hostname="360NDCLP209" failures="0" tests="1" name="com.freeautomationlearning.api.testscripts.UserDetailsTestScript" time="0.142" errors="0" timestamp="2023-07-27T14:28:57 IST" skipped="0">
  <testcase classname="com.freeautomationlearning.api.testscripts.UserDetailsTestScript" name="verifyUserDetails" time="0.142"/>
  <system-out/>
</testsuite> <!-- com.freeautomationlearning.api.testscripts.UserDetailsTestScript -->
