<?xml version="1.0" encoding="UTF-8"?>
<!-- Generated by org.testng.reporters.JUnitReportReporter -->
<testsuite hostname="360NDCLP209" failures="0" tests="1" name="com.freeautomationlearning.testscripts.LoginTestScript" time="5.557" errors="0" timestamp="2023-07-27T15:00:35 IST" skipped="0">
  <testcase classname="com.freeautomationlearning.testscripts.LoginTestScript" name="loginTest" time="5.557"/>
  <system-out/>
</testsuite> <!-- com.freeautomationlearning.testscripts.LoginTestScript -->
